\BOOKMARK [0][-]{chapter.1}{\376\377\000p\000m\000v\000s\000-\000t\000r\000i\000a\000n\000g\000u\000l\000a\000t\000i\000o\000n}{}
\BOOKMARK [1][-]{section.1.1}{\376\377\000d\000e\000l\000a\000u\000n\000a\000y}{chapter.1}
\BOOKMARK [1][-]{section.1.2}{\376\377\000t\000r\000i\000a\000n\000g\000c\000l\000e\000a\000n}{chapter.1}
\BOOKMARK [0][-]{chapter.2}{\376\377\000C\000l\000a\000s\000s\000\040\000I\000n\000d\000e\000x}{}
\BOOKMARK [1][-]{section.2.1}{\376\377\000C\000l\000a\000s\000s\000\040\000L\000i\000s\000t}{chapter.2}
\BOOKMARK [0][-]{chapter.3}{\376\377\000F\000i\000l\000e\000\040\000I\000n\000d\000e\000x}{}
\BOOKMARK [1][-]{section.3.1}{\376\377\000F\000i\000l\000e\000\040\000L\000i\000s\000t}{chapter.3}
\BOOKMARK [0][-]{chapter.4}{\376\377\000C\000l\000a\000s\000s\000\040\000D\000o\000c\000u\000m\000e\000n\000t\000a\000t\000i\000o\000n}{}
\BOOKMARK [1][-]{section.4.1}{\376\377\000I\000n\000t\000e\000r\000s\000e\000c\000t\000\040\000S\000t\000r\000u\000c\000t\000\040\000R\000e\000f\000e\000r\000e\000n\000c\000e}{chapter.4}
\BOOKMARK [2][-]{subsection.4.1.1}{\376\377\000D\000e\000t\000a\000i\000l\000e\000d\000\040\000D\000e\000s\000c\000r\000i\000p\000t\000i\000o\000n}{section.4.1}
\BOOKMARK [2][-]{subsection.4.1.2}{\376\377\000M\000e\000m\000b\000e\000r\000\040\000D\000a\000t\000a\000\040\000D\000o\000c\000u\000m\000e\000n\000t\000a\000t\000i\000o\000n}{section.4.1}
\BOOKMARK [3][-]{subsubsection.4.1.2.1}{\376\377\000i\000n\000t\000e\000r\000s\000e\000c\000t\000e\000d\000\137\000f\000a\000c\000e\000t}{subsection.4.1.2}
\BOOKMARK [3][-]{subsubsection.4.1.2.2}{\376\377\000v\0001}{subsection.4.1.2}
\BOOKMARK [3][-]{subsubsection.4.1.2.3}{\376\377\000v\0002}{subsection.4.1.2}
\BOOKMARK [1][-]{section.4.2}{\376\377\000T\000r\000P\000a\000r\000a\000m\000s\000\040\000C\000l\000a\000s\000s\000\040\000R\000e\000f\000e\000r\000e\000n\000c\000e}{chapter.4}
\BOOKMARK [2][-]{subsection.4.2.1}{\376\377\000D\000e\000t\000a\000i\000l\000e\000d\000\040\000D\000e\000s\000c\000r\000i\000p\000t\000i\000o\000n}{section.4.2}
\BOOKMARK [2][-]{subsection.4.2.2}{\376\377\000M\000e\000m\000b\000e\000r\000\040\000D\000a\000t\000a\000\040\000D\000o\000c\000u\000m\000e\000n\000t\000a\000t\000i\000o\000n}{section.4.2}
\BOOKMARK [3][-]{subsubsection.4.2.2.1}{\376\377\000a\000v\000e\000r\000a\000g\000e\000\137\000v\000o\000l\000u\000m\000e}{subsection.4.2.2}
\BOOKMARK [3][-]{subsubsection.4.2.2.2}{\376\377\000c\000o\000s\000i\000n\000u\000s\000\137\000t\000h\000r\000e\000s\000h}{subsection.4.2.2}
\BOOKMARK [3][-]{subsubsection.4.2.2.3}{\376\377\000e\000x\000t\000r\000a\000c\000t\000\137\000m\000o\000d\000e}{subsection.4.2.2}
\BOOKMARK [3][-]{subsubsection.4.2.2.4}{\376\377\000e\000x\000t\000r\000a\000c\000t\000\137\000t\000y\000p\000e}{subsection.4.2.2}
\BOOKMARK [3][-]{subsubsection.4.2.2.5}{\376\377\000l\000g\000r\000\137\000t\000h\000r\000e\000s\000h\000o\000l\000d}{subsection.4.2.2}
\BOOKMARK [3][-]{subsubsection.4.2.2.6}{\376\377\000m\000o\000y\000\137\000n\000o\000r\000m\000a\000l}{subsection.4.2.2}
\BOOKMARK [3][-]{subsubsection.4.2.2.7}{\376\377\000n\000b\000\137\000i\000n\000t\000e\000r\000s\000e\000c\000t}{subsection.4.2.2}
\BOOKMARK [3][-]{subsubsection.4.2.2.8}{\376\377\000s\000m\000o\000o\000t\000h\000\137\000c\000o\000e\000f}{subsection.4.2.2}
\BOOKMARK [3][-]{subsubsection.4.2.2.9}{\376\377\000s\000m\000o\000o\000t\000h\000\137\000n\000b\000\137\000i\000t\000e\000r}{subsection.4.2.2}
\BOOKMARK [3][-]{subsubsection.4.2.2.10}{\376\377\000s\000u\000r\000f\000\137\000t\000h\000r\000e\000s\000h\000o\000l\000d}{subsection.4.2.2}
\BOOKMARK [1][-]{section.4.3}{\376\377\000T\000r\000S\000t\000a\000t\000s\000\040\000C\000l\000a\000s\000s\000\040\000R\000e\000f\000e\000r\000e\000n\000c\000e}{chapter.4}
\BOOKMARK [2][-]{subsection.4.3.1}{\376\377\000D\000e\000t\000a\000i\000l\000e\000d\000\040\000D\000e\000s\000c\000r\000i\000p\000t\000i\000o\000n}{section.4.3}
\BOOKMARK [2][-]{subsection.4.3.2}{\376\377\000M\000e\000m\000b\000e\000r\000\040\000F\000u\000n\000c\000t\000i\000o\000n\000\040\000D\000o\000c\000u\000m\000e\000n\000t\000a\000t\000i\000o\000n}{section.4.3}
\BOOKMARK [3][-]{subsubsection.4.3.2.1}{\376\377\000s\000u\000m}{subsection.4.3.2}
\BOOKMARK [2][-]{subsection.4.3.3}{\376\377\000M\000e\000m\000b\000e\000r\000\040\000D\000a\000t\000a\000\040\000D\000o\000c\000u\000m\000e\000n\000t\000a\000t\000i\000o\000n}{section.4.3}
\BOOKMARK [3][-]{subsubsection.4.3.3.1}{\376\377\000n\000b\000\137\000i\000n\000t\000\137\000e\000d\000g\000e}{subsection.4.3.3}
\BOOKMARK [3][-]{subsubsection.4.3.3.2}{\376\377\000n\000b\000\137\000i\000n\000t\000v}{subsection.4.3.3}
\BOOKMARK [3][-]{subsubsection.4.3.3.3}{\376\377\000n\000b\000\137\000r\000a\000y\000o\000n\000s}{subsection.4.3.3}
\BOOKMARK [3][-]{subsubsection.4.3.3.4}{\376\377\000n\000b\000\137\000t\000e\000s\000t\000\137\000f\000a\000c\000e\000t\000s}{subsection.4.3.3}
\BOOKMARK [3][-]{subsubsection.4.3.3.5}{\376\377\000n\000b\000\137\000t\000e\000s\000t\000e\000d\000\137\000l\000v\0000}{subsection.4.3.3}
\BOOKMARK [3][-]{subsubsection.4.3.3.6}{\376\377\000n\000b\000\137\000t\000e\000t\000r\000a\0000}{subsection.4.3.3}
\BOOKMARK [3][-]{subsubsection.4.3.3.7}{\376\377\000n\000b\000\137\000t\000o\000t\000\137\000i\000n\000t\000e\000r\000s\000e\000c\000t}{subsection.4.3.3}
\BOOKMARK [1][-]{section.4.4}{\376\377\000V\000i\000e\000w\000e\000r\000\040\000C\000l\000a\000s\000s\000\040\000R\000e\000f\000e\000r\000e\000n\000c\000e}{chapter.4}
\BOOKMARK [2][-]{subsection.4.4.1}{\376\377\000D\000e\000t\000a\000i\000l\000e\000d\000\040\000D\000e\000s\000c\000r\000i\000p\000t\000i\000o\000n}{section.4.4}
\BOOKMARK [0][-]{chapter.5}{\376\377\000F\000i\000l\000e\000\040\000D\000o\000c\000u\000m\000e\000n\000t\000a\000t\000i\000o\000n}{}
\BOOKMARK [1][-]{section.5.1}{\376\377\000a\000d\000d\000c\000e\000l\000l\000s\000.\000c\000p\000p\000\040\000F\000i\000l\000e\000\040\000R\000e\000f\000e\000r\000e\000n\000c\000e}{chapter.5}
\BOOKMARK [2][-]{subsection.5.1.1}{\376\377\000D\000e\000t\000a\000i\000l\000e\000d\000\040\000D\000e\000s\000c\000r\000i\000p\000t\000i\000o\000n}{section.5.1}
\BOOKMARK [2][-]{subsection.5.1.2}{\376\377\000F\000u\000n\000c\000t\000i\000o\000n\000\040\000D\000o\000c\000u\000m\000e\000n\000t\000a\000t\000i\000o\000n}{section.5.1}
\BOOKMARK [3][-]{subsubsection.5.1.2.1}{\376\377\000a\000d\000d\000\137\000c\000e\000l\000l\000s}{subsection.5.1.2}
\BOOKMARK [3][-]{subsubsection.5.1.2.2}{\376\377\000m\000e\000a\000n\000\137\000e\000d\000g\000e}{subsection.5.1.2}
\BOOKMARK [1][-]{section.5.2}{\376\377\000c\000o\000n\000f\000i\000g\000.\000c\000p\000p\000\040\000F\000i\000l\000e\000\040\000R\000e\000f\000e\000r\000e\000n\000c\000e}{chapter.5}
\BOOKMARK [2][-]{subsection.5.2.1}{\376\377\000D\000e\000t\000a\000i\000l\000e\000d\000\040\000D\000e\000s\000c\000r\000i\000p\000t\000i\000o\000n}{section.5.2}
\BOOKMARK [2][-]{subsection.5.2.2}{\376\377\000F\000u\000n\000c\000t\000i\000o\000n\000\040\000D\000o\000c\000u\000m\000e\000n\000t\000a\000t\000i\000o\000n}{section.5.2}
\BOOKMARK [3][-]{subsubsection.5.2.2.1}{\376\377\000m\000y\000g\000e\000t\000o\000p\000t}{subsection.5.2.2}
\BOOKMARK [2][-]{subsection.5.2.3}{\376\377\000V\000a\000r\000i\000a\000b\000l\000e\000\040\000D\000o\000c\000u\000m\000e\000n\000t\000a\000t\000i\000o\000n}{section.5.2}
\BOOKMARK [3][-]{subsubsection.5.2.3.1}{\376\377\000d\000e\000b\000u\000g\000\137\000s\000t\000o\000p}{subsection.5.2.3}
\BOOKMARK [1][-]{section.5.3}{\376\377\000d\000e\000l\000a\000u\000n\000a\000y\000.\000c\000p\000p\000\040\000F\000i\000l\000e\000\040\000R\000e\000f\000e\000r\000e\000n\000c\000e}{chapter.5}
\BOOKMARK [2][-]{subsection.5.3.1}{\376\377\000D\000e\000t\000a\000i\000l\000e\000d\000\040\000D\000e\000s\000c\000r\000i\000p\000t\000i\000o\000n}{section.5.3}
\BOOKMARK [2][-]{subsection.5.3.2}{\376\377\000F\000u\000n\000c\000t\000i\000o\000n\000\040\000D\000o\000c\000u\000m\000e\000n\000t\000a\000t\000i\000o\000n}{section.5.3}
\BOOKMARK [3][-]{subsubsection.5.3.2.1}{\376\377\000c\000h\000e\000c\000k\000\137\000c\000a\000m}{subsection.5.3.2}
\BOOKMARK [3][-]{subsubsection.5.3.2.2}{\376\377\000c\000h\000e\000c\000k\000\137\000p\000o\000i\000n\000t}{subsection.5.3.2}
\BOOKMARK [3][-]{subsubsection.5.3.2.3}{\376\377\000d\000u\000m\000p\000\137\000d\000a\000t\000a}{subsection.5.3.2}
\BOOKMARK [3][-]{subsubsection.5.3.2.4}{\376\377\000u\000s\000a\000g\000e}{subsection.5.3.2}
\BOOKMARK [1][-]{section.5.4}{\376\377\000d\000e\000l\000a\000u\000n\000a\000y\000.\000h\000\040\000F\000i\000l\000e\000\040\000R\000e\000f\000e\000r\000e\000n\000c\000e}{chapter.5}
\BOOKMARK [2][-]{subsection.5.4.1}{\376\377\000D\000e\000t\000a\000i\000l\000e\000d\000\040\000D\000e\000s\000c\000r\000i\000p\000t\000i\000o\000n}{section.5.4}
\BOOKMARK [2][-]{subsection.5.4.2}{\376\377\000F\000u\000n\000c\000t\000i\000o\000n\000\040\000D\000o\000c\000u\000m\000e\000n\000t\000a\000t\000i\000o\000n}{section.5.4}
\BOOKMARK [3][-]{subsubsection.5.4.2.1}{\376\377\000a\000d\000d\000\137\000c\000e\000l\000l\000s}{subsection.5.4.2}
\BOOKMARK [3][-]{subsubsection.5.4.2.2}{\376\377\000d\000e\000l\000a\000u\000n\000a\000y\000\137\000e\000x\000t\000r\000a\000c\000t}{subsection.5.4.2}
\BOOKMARK [3][-]{subsubsection.5.4.2.3}{\376\377\000i\000n\000t\000e\000r\000s\000e\000c\000t}{subsection.5.4.2}
\BOOKMARK [3][-]{subsubsection.5.4.2.4}{\376\377\000m\000e\000a\000n\000\137\000e\000d\000g\000e}{subsection.5.4.2}
\BOOKMARK [3][-]{subsubsection.5.4.2.5}{\376\377\000m\000y\000g\000e\000t\000o\000p\000t}{subsection.5.4.2}
\BOOKMARK [3][-]{subsubsection.5.4.2.6}{\376\377\000r\000e\000a\000d\000\137\000p\000l\000y}{subsection.5.4.2}
\BOOKMARK [3][-]{subsubsection.5.4.2.7}{\376\377\000r\000e\000a\000d\000\137\000p\000l\000y}{subsection.5.4.2}
\BOOKMARK [3][-]{subsubsection.5.4.2.8}{\376\377\000s\000m\000o\000o\000t\000h}{subsection.5.4.2}
\BOOKMARK [2][-]{subsection.5.4.3}{\376\377\000V\000a\000r\000i\000a\000b\000l\000e\000\040\000D\000o\000c\000u\000m\000e\000n\000t\000a\000t\000i\000o\000n}{section.5.4}
\BOOKMARK [3][-]{subsubsection.5.4.3.1}{\376\377\000d\000e\000b\000u\000g\000\137\000s\000t\000o\000p}{subsection.5.4.3}
\BOOKMARK [1][-]{section.5.5}{\376\377\000d\000e\000l\000a\000u\000n\000a\000y\000\137\000i\000o\000.\000c\000p\000p\000\040\000F\000i\000l\000e\000\040\000R\000e\000f\000e\000r\000e\000n\000c\000e}{chapter.5}
\BOOKMARK [2][-]{subsection.5.5.1}{\376\377\000D\000e\000t\000a\000i\000l\000e\000d\000\040\000D\000e\000s\000c\000r\000i\000p\000t\000i\000o\000n}{section.5.5}
\BOOKMARK [2][-]{subsection.5.5.2}{\376\377\000F\000u\000n\000c\000t\000i\000o\000n\000\040\000D\000o\000c\000u\000m\000e\000n\000t\000a\000t\000i\000o\000n}{section.5.5}
\BOOKMARK [3][-]{subsubsection.5.5.2.1}{\376\377\000p\000l\000y\000\137\000b\000i\000n\000a\000r\000y\000\137\000d\000a\000t\000a}{subsection.5.5.2}
\BOOKMARK [3][-]{subsubsection.5.5.2.2}{\376\377\000r\000e\000a\000d\000\137\000p\000l\000y}{subsection.5.5.2}
\BOOKMARK [3][-]{subsubsection.5.5.2.3}{\376\377\000r\000e\000a\000d\000\137\000p\000l\000y}{subsection.5.5.2}
\BOOKMARK [1][-]{section.5.6}{\376\377\000e\000x\000t\000r\000a\000c\000t\000.\000c\000p\000p\000\040\000F\000i\000l\000e\000\040\000R\000e\000f\000e\000r\000e\000n\000c\000e}{chapter.5}
\BOOKMARK [2][-]{subsection.5.6.1}{\376\377\000D\000e\000t\000a\000i\000l\000e\000d\000\040\000D\000e\000s\000c\000r\000i\000p\000t\000i\000o\000n}{section.5.6}
\BOOKMARK [2][-]{subsection.5.6.2}{\376\377\000F\000u\000n\000c\000t\000i\000o\000n\000\040\000D\000o\000c\000u\000m\000e\000n\000t\000a\000t\000i\000o\000n}{section.5.6}
\BOOKMARK [3][-]{subsubsection.5.6.2.1}{\376\377\000c\000l\000e\000a\000n\0001}{subsection.5.6.2}
\BOOKMARK [3][-]{subsubsection.5.6.2.2}{\376\377\000c\000l\000e\000a\000n\0002}{subsection.5.6.2}
\BOOKMARK [3][-]{subsubsection.5.6.2.3}{\376\377\000d\000e\000l\000a\000u\000n\000a\000y\000\137\000e\000x\000t\000r\000a\000c\000t}{subsection.5.6.2}
\BOOKMARK [3][-]{subsubsection.5.6.2.4}{\376\377\000p\000r\000e\000p\000a\000r\000e\000\137\000e\000x\000t\000r\000a\000c\000t\000\137\000m\000x\000f}{subsection.5.6.2}
\BOOKMARK [3][-]{subsubsection.5.6.2.5}{\376\377\000p\000r\000e\000p\000a\000r\000e\000\137\000e\000x\000t\000r\000a\000c\000t\000\137\000s\000t\000d}{subsection.5.6.2}
\BOOKMARK [3][-]{subsubsection.5.6.2.6}{\376\377\000p\000r\000e\000p\000a\000r\000e\000\137\000f\000a\000c\000e\000t\000s}{subsection.5.6.2}
\BOOKMARK [3][-]{subsubsection.5.6.2.7}{\376\377\000s\000a\000v\000e\000\137\000p\000l\000y}{subsection.5.6.2}
\BOOKMARK [3][-]{subsubsection.5.6.2.8}{\376\377\000s\000a\000v\000e\000\137\000p\000l\000y\000\137\000b\000i\000n\000a\000r\000y}{subsection.5.6.2}
\BOOKMARK [1][-]{section.5.7}{\376\377\000i\000n\000t\000e\000r\000s\000e\000c\000t\000.\000c\000p\000p\000\040\000F\000i\000l\000e\000\040\000R\000e\000f\000e\000r\000e\000n\000c\000e}{chapter.5}
\BOOKMARK [2][-]{subsection.5.7.1}{\376\377\000D\000e\000t\000a\000i\000l\000e\000d\000\040\000D\000e\000s\000c\000r\000i\000p\000t\000i\000o\000n}{section.5.7}
\BOOKMARK [2][-]{subsection.5.7.2}{\376\377\000F\000u\000n\000c\000t\000i\000o\000n\000\040\000D\000o\000c\000u\000m\000e\000n\000t\000a\000t\000i\000o\000n}{section.5.7}
\BOOKMARK [3][-]{subsubsection.5.7.2.1}{\376\377\000c\000h\000e\000c\000k\000\137\000e\000d\000g\000e\000s}{subsection.5.7.2}
\BOOKMARK [3][-]{subsubsection.5.7.2.2}{\376\377\000i\000n\000t\000e\000r\000s\000e\000c\000t}{subsection.5.7.2}
\BOOKMARK [3][-]{subsubsection.5.7.2.3}{\376\377\000i\000s\000\137\000c\000e\000l\000l\000\137\000v\000e\000r\000t\000e\000x}{subsection.5.7.2}
\BOOKMARK [3][-]{subsubsection.5.7.2.4}{\376\377\000m\000y\000\137\000i\000n\000t\000e\000r\000s\000e\000c\000t}{subsection.5.7.2}
\BOOKMARK [1][-]{section.5.8}{\376\377\000s\000m\000o\000o\000t\000h\000.\000c\000p\000p\000\040\000F\000i\000l\000e\000\040\000R\000e\000f\000e\000r\000e\000n\000c\000e}{chapter.5}
\BOOKMARK [2][-]{subsection.5.8.1}{\376\377\000D\000e\000t\000a\000i\000l\000e\000d\000\040\000D\000e\000s\000c\000r\000i\000p\000t\000i\000o\000n}{section.5.8}
\BOOKMARK [2][-]{subsection.5.8.2}{\376\377\000F\000u\000n\000c\000t\000i\000o\000n\000\040\000D\000o\000c\000u\000m\000e\000n\000t\000a\000t\000i\000o\000n}{section.5.8}
\BOOKMARK [3][-]{subsubsection.5.8.2.1}{\376\377\000s\000m\000o\000o\000t\000h}{subsection.5.8.2}
\BOOKMARK [3][-]{subsubsection.5.8.2.2}{\376\377\000s\000m\000o\000o\000t\000h\0001}{subsection.5.8.2}
\BOOKMARK [1][-]{section.5.9}{\376\377\000t\000r\000i\000a\000n\000g\000d\000e\000f\000s\000.\000h\000\040\000F\000i\000l\000e\000\040\000R\000e\000f\000e\000r\000e\000n\000c\000e}{chapter.5}
\BOOKMARK [2][-]{subsection.5.9.1}{\376\377\000D\000e\000t\000a\000i\000l\000e\000d\000\040\000D\000e\000s\000c\000r\000i\000p\000t\000i\000o\000n}{section.5.9}
